<?xml version="1.0" encoding="UTF-8"?>
<!-- Generated by org.testng.reporters.JUnitReportReporter -->
<testsuite skipped="0" hostname="Mpendulo-PC" name="CIBQAssement.com.org.api.APItask1" tests="4" failures="0" timestamp="03 Apr 2019 12:21:31 GMT" time="6.028" errors="0">
  <testcase name="TC102_VerifyRetreiver" time="1.413" classname="CIBQAssement.com.org.api.APItask1"/>
  <testcase name="TC101_AllDogBreeds" time="3.243" classname="CIBQAssement.com.org.api.APItask1"/>
  <testcase name="TC104_GoldenRandomImg" time="0.675" classname="CIBQAssement.com.org.api.APItask1"/>
  <testcase name="TC103_RetreiverList" time="0.697" classname="CIBQAssement.com.org.api.APItask1"/>
</testsuite> <!-- CIBQAssement.com.org.api.APItask1 -->
